Unity Editor version:    2022.3.7f1 (b16b3b16c7a0)
Branch:                  2022.3/staging
Build type:              Release
Batch mode:              YES
macOS version:           Version 11.7.10 (Build 20G1427)
Darwin version:          20.6.0
Architecture:            x86_64
Running under Rosetta:   NO
Available memory:        8192 MB
Using pre-set license
Pro License: YES

COMMAND LINE ARGUMENTS:
/Applications/Unity/Hub/Editor/2022.3.7f1/Unity.app/Contents/MacOS/Unity
-adb2
-batchMode
-noUpm
-name
AssetImportWorker4
-projectPath
/Users/cobyalvarez/Desktop/Game Design Project/Team-21-3D-Game/Touch Grass
-logFile
Logs/AssetImportWorker4.log
-srvPort
56274
Successfully changed project path to: /Users/cobyalvarez/Desktop/Game Design Project/Team-21-3D-Game/Touch Grass
/Users/cobyalvarez/Desktop/Game Design Project/Team-21-3D-Game/Touch Grass
[UnityMemory] Configuration Parameters - Can be set up in boot.config
    "memorysetup-bucket-allocator-granularity=16"
    "memorysetup-bucket-allocator-bucket-count=8"
    "memorysetup-bucket-allocator-block-size=33554432"
    "memorysetup-bucket-allocator-block-count=8"
    "memorysetup-main-allocator-block-size=16777216"
    "memorysetup-thread-allocator-block-size=16777216"
    "memorysetup-gfx-main-allocator-block-size=16777216"
    "memorysetup-gfx-thread-allocator-block-size=16777216"
    "memorysetup-cache-allocator-block-size=4194304"
    "memorysetup-typetree-allocator-block-size=2097152"
    "memorysetup-profiler-bucket-allocator-granularity=16"
    "memorysetup-profiler-bucket-allocator-bucket-count=8"
    "memorysetup-profiler-bucket-allocator-block-size=33554432"
    "memorysetup-profiler-bucket-allocator-block-count=8"
    "memorysetup-profiler-allocator-block-size=16777216"
    "memorysetup-profiler-editor-allocator-block-size=1048576"
    "memorysetup-temp-allocator-size-main=16777216"
    "memorysetup-job-temp-allocator-block-size=2097152"
    "memorysetup-job-temp-allocator-block-size-background=1048576"
    "memorysetup-job-temp-allocator-reduction-small-platforms=262144"
    "memorysetup-allocator-temp-initial-block-size-main=262144"
    "memorysetup-allocator-temp-initial-block-size-worker=262144"
    "memorysetup-temp-allocator-size-background-worker=32768"
    "memorysetup-temp-allocator-size-job-worker=262144"
    "memorysetup-temp-allocator-size-preload-manager=33554432"
    "memorysetup-temp-allocator-size-nav-mesh-worker=65536"
    "memorysetup-temp-allocator-size-audio-worker=65536"
    "memorysetup-temp-allocator-size-cloud-worker=32768"
    "memorysetup-temp-allocator-size-gi-baking-worker=262144"
    "memorysetup-temp-allocator-size-gfx=262144"
Player connection [4660715008] Host "[IP] 192.168.1.106 [Port] 0 [Flags] 2 [Guid] 2528030260 [EditorId] 2528030260 [Version] 1048832 [Id] OSXEditor(0,Cobys-MBP-2.lan) [Debug] 1 [PackageName] OSXEditor [ProjectName] Editor" joined multi-casting on [225.0.0.222:54997]...

Player connection [4660715008] Host "[IP] 192.168.1.106 [Port] 0 [Flags] 2 [Guid] 2528030260 [EditorId] 2528030260 [Version] 1048832 [Id] OSXEditor(0,Cobys-MBP-2.lan) [Debug] 1 [PackageName] OSXEditor [ProjectName] Editor" joined alternative multi-casting on [225.0.0.222:34997]...

Refreshing native plugins compatible for Editor in 130.61 ms, found 2 plugins.
Preloading 0 native plugins for Editor in 0.00 ms.
Initialize engine version: 2022.3.7f1 (b16b3b16c7a0)
[Subsystems] Discovering subsystems at path /Applications/Unity/Hub/Editor/2022.3.7f1/Unity.app/Contents/Resources/UnitySubsystems
[Subsystems] Discovering subsystems at path /Users/cobyalvarez/Desktop/Game Design Project/Team-21-3D-Game/Touch Grass/Assets
GfxDevice: creating device client; threaded=0; jobified=0
Color LCD preferred device: Intel Iris Graphics (low power)
Metal devices available: 1
0: Intel Iris Graphics (low power)
Using device Intel Iris Graphics (low power)
Initializing Metal device caps: Intel Iris Graphics
Initialize mono
Mono path[0] = '/Applications/Unity/Hub/Editor/2022.3.7f1/Unity.app/Contents/Managed'
Mono path[1] = '/Applications/Unity/Hub/Editor/2022.3.7f1/Unity.app/Contents/MonoBleedingEdge/lib/mono/unityjit-macos'
Mono config path = '/Applications/Unity/Hub/Editor/2022.3.7f1/Unity.app/Contents/MonoBleedingEdge/etc'
Using monoOptions --debugger-agent=transport=dt_socket,embedding=1,server=y,suspend=n,address=127.0.0.1:56723
Begin MonoManager ReloadAssembly
Registering precompiled unity dll's ...
Register platform support module: /Applications/Unity/Hub/Editor/2022.3.7f1/PlaybackEngines/WebGLSupport/UnityEditor.WebGL.Extensions.dll
Register platform support module: /Applications/Unity/Hub/Editor/2022.3.7f1/Unity.app/Contents/PlaybackEngines/MacStandaloneSupport/UnityEditor.OSXStandalone.Extensions.dll
Registered in 0.027594 seconds.
- Loaded All Assemblies, in  4.499 seconds
Native extension for OSXStandalone target not found
Native extension for WebGL target not found
Mono: successfully reloaded assembly
- Finished resetting the current domain, in  3.909 seconds
Domain Reload Profiling: 8408ms
	BeginReloadAssembly (1503ms)
		ExecutionOrderSort (0ms)
		DisableScriptedObjects (0ms)
		BackupInstance (0ms)
		ReleaseScriptingObjects (0ms)
		CreateAndSetChildDomain (2ms)
	RebuildCommonClasses (557ms)
	RebuildNativeTypeToScriptingClass (263ms)
	initialDomainReloadingComplete (526ms)
	LoadAllAssembliesAndSetupDomain (1649ms)
		LoadAssemblies (1507ms)
		RebuildTransferFunctionScriptingTraits (0ms)
		AnalyzeDomain (1631ms)
			TypeCache.Refresh (1622ms)
				TypeCache.ScanAssembly (1547ms)
			ScanForSourceGeneratedMonoScriptInfo (1ms)
			ResolveRequiredComponents (4ms)
	FinalizeReload (3910ms)
		ReleaseScriptCaches (0ms)
		RebuildScriptCaches (0ms)
		SetupLoadedEditorAssemblies (2935ms)
			LogAssemblyErrors (0ms)
			InitializePlatformSupportModulesInManaged (231ms)
			SetLoadedEditorAssemblies (89ms)
			RefreshPlugins (0ms)
			BeforeProcessingInitializeOnLoad (168ms)
			ProcessInitializeOnLoadAttributes (1370ms)
			ProcessInitializeOnLoadMethodAttributes (1077ms)
			AfterProcessingInitializeOnLoad (0ms)
			EditorAssembliesLoaded (0ms)
		ExecutionOrderSort2 (0ms)
		AwakeInstancesAfterBackupRestoration (0ms)
========================================================================
Worker process is ready to serve import requests
Begin MonoManager ReloadAssembly
Symbol file LoadedFromMemory doesn't match image /Users/cobyalvarez/Desktop/Game Design Project/Team-21-3D-Game/Touch Grass/Library/PackageCache/com.unity.visualscripting@1.8.0/Editor/VisualScripting.Core/Dependencies/YamlDotNet/Unity.VisualScripting.YamlDotNet.dll
Symbol file LoadedFromMemory doesn't match image /Users/cobyalvarez/Desktop/Game Design Project/Team-21-3D-Game/Touch Grass/Library/PackageCache/com.unity.visualscripting@1.8.0/Editor/VisualScripting.Core/Dependencies/DotNetZip/Unity.VisualScripting.IonicZip.dll
- Loaded All Assemblies, in 12.049 seconds
Refreshing native plugins compatible for Editor in 24.18 ms, found 2 plugins.
Native extension for OSXStandalone target not found
Native extension for WebGL target not found
Mono: successfully reloaded assembly
- Finished resetting the current domain, in 10.629 seconds
Domain Reload Profiling: 22687ms
	BeginReloadAssembly (2000ms)
		ExecutionOrderSort (0ms)
		DisableScriptedObjects (29ms)
		BackupInstance (0ms)
		ReleaseScriptingObjects (1ms)
		CreateAndSetChildDomain (505ms)
	RebuildCommonClasses (622ms)
	RebuildNativeTypeToScriptingClass (120ms)
	initialDomainReloadingComplete (1240ms)
	LoadAllAssembliesAndSetupDomain (8037ms)
		LoadAssemblies (5295ms)
		RebuildTransferFunctionScriptingTraits (0ms)
		AnalyzeDomain (3659ms)
			TypeCache.Refresh (3176ms)
				TypeCache.ScanAssembly (2520ms)
			ScanForSourceGeneratedMonoScriptInfo (334ms)
			ResolveRequiredComponents (144ms)
	FinalizeReload (10667ms)
		ReleaseScriptCaches (0ms)
		RebuildScriptCaches (0ms)
		SetupLoadedEditorAssemblies (8453ms)
			LogAssemblyErrors (0ms)
			InitializePlatformSupportModulesInManaged (27ms)
			SetLoadedEditorAssemblies (98ms)
			RefreshPlugins (0ms)
			BeforeProcessingInitializeOnLoad (673ms)
			ProcessInitializeOnLoadAttributes (7461ms)
			ProcessInitializeOnLoadMethodAttributes (189ms)
			AfterProcessingInitializeOnLoad (4ms)
			EditorAssembliesLoaded (0ms)
		ExecutionOrderSort2 (0ms)
		AwakeInstancesAfterBackupRestoration (28ms)
Failed to load shader (instanceID 456, GUID 228d4cc74facf9240929582211663380)
Failed to load shader (instanceID 444, GUID 53be8468c4d029644ae19cf9deb636b0)
Failed to load shader (instanceID 462, GUID 7b06a83a763db8d46a37242edaf08514)
Failed to load shader (instanceID 446, GUID 404c9c0a01de31b42b8388e97dab164a)
Failed to load shader (instanceID 452, GUID 5c143c361df260048b6bbc2e86a8ddfd)
Failed to load shader (instanceID 458, GUID d32345a1eb9348944a5c8f1f17006fc5)
Failed to load shader (instanceID 450, GUID e291ecf624cc37949a0ce182d56441dc)
Failed to load shader (instanceID 442, GUID 64a37a06afac2704dbaff075675e1e91)
Failed to load shader (instanceID 438, GUID f40880c049f2162458416f7799150f44)
Failed to load shader (instanceID 440, GUID 2f13ab641dd43da4cadb1e8d1480cb1e)
Failed to load shader (instanceID 448, GUID e091ccbf3baafdc47b91937c9cbab645)
Failed to load shader (instanceID 454, GUID c52b213166cb32e4e955f4ee20cbbec2)
Failed to load shader (instanceID 460, GUID 6f6c3d01646d27a43aa6308bca225028)
Launching external process: /Applications/Unity/Hub/Editor/2022.3.7f1/Unity.app/Contents/Tools/UnityShaderCompiler
Launched and connected shader compiler UnityShaderCompiler after 0.20 seconds
Refreshing native plugins compatible for Editor in 144.89 ms, found 2 plugins.
Preloading 0 native plugins for Editor in 0.00 ms.
Unloading 3613 Unused Serialized files (Serialized files now loaded: 0)
Unloading 40 unused Assets / (128.8 KB). Loaded Objects now: 4079.
Memory consumption went from 252.7 MB to 252.6 MB.
Total: 10.653782 ms (FindLiveObjects: 0.637228 ms CreateObjectMapping: 0.456716 ms MarkObjects: 9.234241 ms  DeleteObjects: 0.323529 ms)

AssetImportParameters requested are different than current active one (requested -> active):
  custom:container-demuxer-ogg: 62fdf1f143b41e24485cea50d1cbac27 -> 
  custom:video-decoder-ogg-theora: a1e56fd34408186e4bbccfd4996cb3dc -> 
  custom:CustomObjectIndexerAttribute: 756ad292c208cfabdd7b50bc23989ffe -> 
  custom:container-demuxer-webm: 4f35f7cbe854078d1ac9338744f61a02 -> 
  custom:container-muxer-webm: aa71ff27fc2769a1b78a27578f13a17b -> 
  custom:video-decoder-webm-vp8: 9c59270c3fd7afecdb556c50c9e8de78 -> 
  custom:SearchIndexIgnoredProperties: e643bd26f0fe6173181afceb89e7c659 -> 
  custom:AudioImporter_EditorPlatform: 3918e3fc78b5a79bad01e8451be0beb8 -> 
  custom:framework-osx-AVFoundation: e770b220cccbd017edd2c1fefb359320 -> 
  custom:video-encoder-webm-vp8: eb34c28f22e8b96e1ab97ce403110664 -> 
  custom:audio-decoder-ogg-vorbis: bf7c407c2cedff20999df2af8eb42d56 -> 
  custom:audio-encoder-webm-vorbis: bf7c407c2cedff20999df2af8eb42d56 -> 
========================================================================
Received Import Request.
  Time since last request: 213348.839950 seconds.
  path: Assets/Game Menu/TextMesh Pro/Fonts/static/Caveat-Regular.ttf
  artifactKey: Guid(4db85bb2f7c1f43499dcf9a52b0ee611) Importer(815301076,1909f56bfc062723c751e8b465ee728b)
Start importing Assets/Game Menu/TextMesh Pro/Fonts/static/Caveat-Regular.ttf using Guid(4db85bb2f7c1f43499dcf9a52b0ee611) Importer(815301076,1909f56bfc062723c751e8b465ee728b)  -> (artifact id: '78884a3fc9d80e31ff76e6099675fa5c') in 3.204246 seconds
Number of updated asset objects reloaded before import = 0
Number of asset objects unloaded after import = 4
========================================================================
Received Import Request.
  Time since last request: 0.000637 seconds.
  path: Assets/Supercyan Free Forest Sample/Materials/High Quality/Foliage/forestpack_foliage.mat
  artifactKey: Guid(7a8b02b78b9ba2b46bf67cddab7b9947) Importer(815301076,1909f56bfc062723c751e8b465ee728b)
Start importing Assets/Supercyan Free Forest Sample/Materials/High Quality/Foliage/forestpack_foliage.mat using Guid(7a8b02b78b9ba2b46bf67cddab7b9947) Importer(815301076,1909f56bfc062723c751e8b465ee728b)  -> (artifact id: '18da871da5d56f63a5fd77e8c117ae06') in 0.105950 seconds
Number of updated asset objects reloaded before import = 0
Number of asset objects unloaded after import = 3
========================================================================
Received Import Request.
  Time since last request: 0.000728 seconds.
  path: Assets/Kawaii Slimes/Textures/Face/Materials/Face_03.mat
  artifactKey: Guid(f38d3815306124f498ce78d11ad5f8d8) Importer(815301076,1909f56bfc062723c751e8b465ee728b)
Start importing Assets/Kawaii Slimes/Textures/Face/Materials/Face_03.mat using Guid(f38d3815306124f498ce78d11ad5f8d8) Importer(815301076,1909f56bfc062723c751e8b465ee728b)  -> (artifact id: 'fb6ed770ee9560b9e1fa6fc384112bf8') in 0.234786 seconds
Number of updated asset objects reloaded before import = 0
Number of asset objects unloaded after import = 2
========================================================================
Received Import Request.
  Time since last request: 0.001868 seconds.
  path: Assets/Kawaii Slimes/Materials/Face/Face 3.mat
  artifactKey: Guid(5b87a972518a3154aa254612d431fa98) Importer(815301076,1909f56bfc062723c751e8b465ee728b)
Start importing Assets/Kawaii Slimes/Materials/Face/Face 3.mat using Guid(5b87a972518a3154aa254612d431fa98) Importer(815301076,1909f56bfc062723c751e8b465ee728b)  -> (artifact id: '001619f0231f0e5f19d8b65b93303b15') in 0.035931 seconds
Number of updated asset objects reloaded before import = 0
Number of asset objects unloaded after import = 2
========================================================================
Received Import Request.
  Time since last request: 0.001439 seconds.
  path: Assets/Fox/Animations/Fox_Run_InPlace.fbx
  artifactKey: Guid(93da703632b047d43b8f3a2b0f902424) Importer(815301076,1909f56bfc062723c751e8b465ee728b)
Start importing Assets/Fox/Animations/Fox_Run_InPlace.fbx using Guid(93da703632b047d43b8f3a2b0f902424) Importer(815301076,1909f56bfc062723c751e8b465ee728b)  -> (artifact id: '27ded1497d2147ce37d1a255fc31e49e') in 0.766792 seconds
Number of updated asset objects reloaded before import = 0
Number of asset objects unloaded after import = 90
========================================================================
Received Import Request.
  Time since last request: 0.000109 seconds.
  path: Assets/Fox/Animations/Fox_Run_Right.fbx
  artifactKey: Guid(cc3accffe68d76c4fba0db9dc9cf4a4a) Importer(815301076,1909f56bfc062723c751e8b465ee728b)
Start importing Assets/Fox/Animations/Fox_Run_Right.fbx using Guid(cc3accffe68d76c4fba0db9dc9cf4a4a) Importer(815301076,1909f56bfc062723c751e8b465ee728b)  -> (artifact id: 'd9f69178a018acd9e649d3412cb9e318') in 0.330940 seconds
Number of updated asset objects reloaded before import = 0
Number of asset objects unloaded after import = 90
========================================================================
Received Import Request.
  Time since last request: 0.000223 seconds.
  path: Assets/Game Menu/TextMesh Pro/Fonts/LiberationSans.ttf
  artifactKey: Guid(e01601444195b334e9d694b528b2252c) Importer(815301076,1909f56bfc062723c751e8b465ee728b)
Start importing Assets/Game Menu/TextMesh Pro/Fonts/LiberationSans.ttf using Guid(e01601444195b334e9d694b528b2252c) Importer(815301076,1909f56bfc062723c751e8b465ee728b)  -> (artifact id: '2aa628a8747eab1c97e9e1df7f97b00e') in 0.109833 seconds
Number of updated asset objects reloaded before import = 0
Number of asset objects unloaded after import = 4
========================================================================
Received Import Request.
  Time since last request: 0.000129 seconds.
  path: Assets/Fox/Animations/Fox_Run_Left.fbx
  artifactKey: Guid(5ae8ff9eadf8f554688979fee65f0aef) Importer(815301076,1909f56bfc062723c751e8b465ee728b)
Start importing Assets/Fox/Animations/Fox_Run_Left.fbx using Guid(5ae8ff9eadf8f554688979fee65f0aef) Importer(815301076,1909f56bfc062723c751e8b465ee728b)  -> (artifact id: '1e9ffd59be99aa9bd13d3e9417b9d4bf') in 0.300919 seconds
Number of updated asset objects reloaded before import = 0
Number of asset objects unloaded after import = 90
========================================================================
Received Import Request.
  Time since last request: 0.000317 seconds.
  path: Assets/Game Menu/TextMesh Pro/Fonts/static/Caveat-Medium.ttf
  artifactKey: Guid(b2685ce4d8b072d45a8bccfe9b9ec627) Importer(815301076,1909f56bfc062723c751e8b465ee728b)
Start importing Assets/Game Menu/TextMesh Pro/Fonts/static/Caveat-Medium.ttf using Guid(b2685ce4d8b072d45a8bccfe9b9ec627) Importer(815301076,1909f56bfc062723c751e8b465ee728b)  -> (artifact id: '7a977c43a37ff0e31bd26123368f96d5') in 0.485086 seconds
Number of updated asset objects reloaded before import = 0
Number of asset objects unloaded after import = 4
Editor requested this worker to shutdown with reason: Scaling down because of idle timeout
TcpMessagingSession - receive error: operation aborted. errorcode: 89, details: Operation aborted.
AssetImportWorker is now disconnected from the server
Process exiting
